<?xml version="1.0" encoding="UTF-8"?>
<testsuite name="validate send payment functionality on the eriBank application" tests="1" skipped="0" failures="1" errors="0" timestamp="2022-09-26T21:40:31" hostname="PSOFKA01034" time="33.168">
  <properties/>
  <testcase name="As a user Carlos wants to make a payment successfully on the eriBank application" classname="validate send payment functionality on the eriBank application" time="33.168">
    <failure message="io.cucumber.java.PendingException: TODO: implement me" type="io.cucumber.java.PendingException">io.cucumber.java.PendingException: TODO: implement me
	at app//co.com.sofka.certification.stepDefinitions.MakePaymentStepDefinitions.heMakesClickOnTheButtonSend(MakePaymentStepDefinitions.java:53)
	at âœ½.He makes click on the button send(file:///C:/Users/juan.osorio/Documents/juosori/Capacitacion%20moviles/Projects/EriBank/src/test/resources/features/MakePayment.feature:10)
</failure>
  </testcase>
  <system-out><![CDATA[365
]]></system-out>
  <system-err><![CDATA[[Test worker] INFO io.cucumber.core.plugin.SerenityReporter - Running feature from file:///C:/Users/juan.osorio/Documents/juosori/Capacitacion%20moviles/Projects/EriBank/src/test/resources/features/MakePayment.feature
[Test worker] INFO  - 
  _____   ___   ___   _____     ___   _____     _     ___   _____   ___   ___  
 |_   _| | __| / __| |_   _|   / __| |_   _|   /_\   | _ \ |_   _| | __| |   \ 
   | |   | _|  \__ \   | |     \__ \   | |    / _ \  |   /   | |   | _|  | |) |
   |_|   |___| |___/   |_|     |___/   |_|   /_/ \_\ |_|_\   |_|   |___| |___/ 

As a user Carlos wants to make a payment successfully on the eriBank application(validate-send-payment-functionality-on-the-eribank-application;as-a-user-carlos-wants-to-make-a-payment-successfully-on-the-eribank-application)
--------------------------------------------------------------------------------
[Test worker] INFO  - 
  _____   ___   ___   _____     ___   ___   _  _   ___    ___   _  _    ___ 
 |_   _| | __| / __| |_   _|   | _ \ | __| | \| | |   \  |_ _| | \| |  / __|
   | |   | _|  \__ \   | |     |  _/ | _|  | .` | | |) |  | |  | .` | | (_ |
   |_|   |___| |___/   |_|     |_|   |___| |_|\_| |___/  |___| |_|\_|  \___|

As a user Carlos wants to make a payment successfully on the eriBank application
-----------------------------------------------------------------------------
]]></system-err>
</testsuite>
